{
"contracts/taskLlama.sol":{"l":{"83":4,"85":4,"98":4,"99":4,"109":2,"114":2,"115":2,"116":2,"117":2,"118":2,"122":2,"123":2,"124":2,"125":2,"126":2,"128":2,"129":2,"131":2,"135":3,"136":3,"137":3,"141":2,"142":2,"144":2,"146":2,"150":1,"151":1,"152":1,"156":1,"157":1,"159":1,"161":1,"162":1,"169":0,"173":0,"174":0,"176":0,"177":0,"178":0,"179":0,"181":0,"182":0,"183":0,"187":0,"190":0,"191":0,"192":0,"194":0,"195":0,"196":0,"197":0,"201":0,"202":0,"205":0,"209":2,"213":0,"214":0,"215":0,"216":0,"217":0,"218":0,"219":0,"220":0,"221":0,"222":0,"223":0,"224":0,"225":0,"226":0,"227":0,"228":0,"230":0,"236":1,"237":1,"239":1,"240":1,"241":1,"242":1,"246":1,"247":1,"248":1,"251":1,"257":0,"259":0,"260":0,"261":0,"265":0,"269":1},"path":"/Users/maclay/Code/task-llama/on-chain/contracts/taskLlama.sol","s":{"1":4,"2":4,"3":4,"4":4,"5":2,"6":2,"7":2,"8":2,"9":2,"10":2,"11":2,"12":2,"13":2,"14":2,"15":2,"16":3,"17":3,"18":3,"19":2,"20":2,"21":2,"22":1,"23":1,"24":1,"25":1,"26":1,"27":1,"28":1,"29":0,"30":0,"31":0,"32":0,"33":0,"34":0,"35":0,"36":0,"37":0,"38":0,"39":0,"40":0,"41":0,"42":0,"43":0,"44":2,"45":0,"46":0,"47":1,"48":1,"49":1,"50":1,"51":1,"52":1,"53":1,"54":0,"55":0,"56":0,"57":0,"58":1},"b":{"1":[4,0],"2":[2,0],"3":[2,0],"4":[2,0],"5":[2,0],"6":[2,0],"7":[3,0],"8":[2,1],"9":[2,0],"10":[2,0],"11":[0,2],"12":[1,0],"13":[1,0],"14":[1,0],"15":[1,0],"16":[0,0],"17":[0,0],"18":[1,0],"19":[0,0]},"f":{"1":4,"2":2,"3":2,"4":3,"5":1,"6":0,"7":0,"8":2,"9":0,"10":1,"11":0,"12":1,"13":0},"fnMap":{"1":{"name":"createTask","line":76,"loc":{"start":{"line":76,"column":2},"end":{"line":106,"column":2}}},"2":{"name":"registerAgent","line":108,"loc":{"start":{"line":108,"column":2},"end":{"line":119,"column":2}}},"3":{"name":"assignAgent","line":121,"loc":{"start":{"line":121,"column":2},"end":{"line":132,"column":2}}},"4":{"name":"completeTask","line":134,"loc":{"start":{"line":134,"column":2},"end":{"line":147,"column":2}}},"5":{"name":"verifyTask","line":149,"loc":{"start":{"line":149,"column":2},"end":{"line":163,"column":2}}},"6":{"name":"getAgentTasksByCategory","line":165,"loc":{"start":{"line":165,"column":2},"end":{"line":170,"column":2}}},"7":{"name":"getLeaderboard","line":172,"loc":{"start":{"line":172,"column":2},"end":{"line":206,"column":2}}},"8":{"name":"getTasks","line":208,"loc":{"start":{"line":208,"column":2},"end":{"line":210,"column":2}}},"9":{"name":"getCategories","line":212,"loc":{"start":{"line":212,"column":2},"end":{"line":231,"column":2}}},"10":{"name":"getAgentCompletedTasks","line":233,"loc":{"start":{"line":233,"column":2},"end":{"line":252,"column":2}}},"11":{"name":"getAgentCompletedTasksCount","line":254,"loc":{"start":{"line":254,"column":2},"end":{"line":266,"column":2}}},"12":{"name":"getAgentOwner","line":268,"loc":{"start":{"line":268,"column":2},"end":{"line":270,"column":2}}},"13":{"name":"depositFunds","line":272,"loc":{"start":{"line":272,"column":2},"end":{"line":274,"column":2}}}},"statementMap":{"1":{"start":{"line":83,"column":4},"end":{"line":83,"column":64}},"2":{"start":{"line":85,"column":4},"end":{"line":85,"column":2316}},"3":{"start":{"line":98,"column":4},"end":{"line":98,"column":22}},"4":{"start":{"line":99,"column":4},"end":{"line":99,"column":2647}},"5":{"start":{"line":109,"column":4},"end":{"line":109,"column":2849}},"6":{"start":{"line":114,"column":4},"end":{"line":114,"column":50}},"7":{"start":{"line":117,"column":4},"end":{"line":117,"column":37}},"8":{"start":{"line":118,"column":4},"end":{"line":118,"column":39}},"9":{"start":{"line":122,"column":4},"end":{"line":122,"column":38}},"10":{"start":{"line":123,"column":4},"end":{"line":123,"column":57}},"11":{"start":{"line":124,"column":4},"end":{"line":124,"column":78}},"12":{"start":{"line":125,"column":4},"end":{"line":125,"column":69}},"13":{"start":{"line":126,"column":4},"end":{"line":126,"column":77}},"14":{"start":{"line":129,"column":4},"end":{"line":129,"column":57}},"15":{"start":{"line":131,"column":4},"end":{"line":131,"column":39}},"16":{"start":{"line":135,"column":4},"end":{"line":135,"column":57}},"17":{"start":{"line":136,"column":4},"end":{"line":136,"column":38}},"18":{"start":{"line":137,"column":4},"end":{"line":137,"column":3888}},"19":{"start":{"line":141,"column":4},"end":{"line":141,"column":53}},"20":{"start":{"line":142,"column":4},"end":{"line":142,"column":77}},"21":{"start":{"line":146,"column":4},"end":{"line":146,"column":58}},"22":{"start":{"line":150,"column":4},"end":{"line":150,"column":57}},"23":{"start":{"line":151,"column":4},"end":{"line":151,"column":38}},"24":{"start":{"line":152,"column":4},"end":{"line":152,"column":4382}},"25":{"start":{"line":156,"column":4},"end":{"line":156,"column":52}},"26":{"start":{"line":157,"column":4},"end":{"line":157,"column":51}},"27":{"start":{"line":161,"column":4},"end":{"line":161,"column":67}},"28":{"start":{"line":162,"column":4},"end":{"line":162,"column":42}},"29":{"start":{"line":169,"column":4},"end":{"line":169,"column":50}},"30":{"start":{"line":173,"column":4},"end":{"line":173,"column":71}},"31":{"start":{"line":174,"column":4},"end":{"line":174,"column":74}},"32":{"start":{"line":176,"column":4},"end":{"line":176,"column":5157}},"33":{"start":{"line":177,"column":6},"end":{"line":177,"column":53}},"34":{"start":{"line":178,"column":6},"end":{"line":178,"column":64}},"35":{"start":{"line":179,"column":6},"end":{"line":179,"column":31}},"36":{"start":{"line":181,"column":6},"end":{"line":181,"column":5374}},"37":{"start":{"line":182,"column":8},"end":{"line":182,"column":5434}},"38":{"start":{"line":190,"column":4},"end":{"line":190,"column":5580}},"39":{"start":{"line":191,"column":6},"end":{"line":191,"column":34}},"40":{"start":{"line":192,"column":6},"end":{"line":192,"column":26}},"41":{"start":{"line":194,"column":6},"end":{"line":194,"column":5707}},"42":{"start":{"line":195,"column":8},"end":{"line":195,"column":5771}},"43":{"start":{"line":205,"column":4},"end":{"line":205,"column":22}},"44":{"start":{"line":209,"column":4},"end":{"line":209,"column":16}},"45":{"start":{"line":213,"column":4},"end":{"line":213,"column":53}},"46":{"start":{"line":230,"column":4},"end":{"line":230,"column":21}},"47":{"start":{"line":236,"column":4},"end":{"line":236,"column":59}},"48":{"start":{"line":237,"column":4},"end":{"line":237,"column":35}},"49":{"start":{"line":239,"column":4},"end":{"line":239,"column":7111}},"50":{"start":{"line":240,"column":6},"end":{"line":240,"column":7164}},"51":{"start":{"line":246,"column":4},"end":{"line":246,"column":73}},"52":{"start":{"line":247,"column":4},"end":{"line":247,"column":7405}},"53":{"start":{"line":251,"column":4},"end":{"line":251,"column":32}},"54":{"start":{"line":257,"column":4},"end":{"line":257,"column":35}},"55":{"start":{"line":259,"column":4},"end":{"line":259,"column":7692}},"56":{"start":{"line":260,"column":6},"end":{"line":260,"column":7745}},"57":{"start":{"line":265,"column":4},"end":{"line":265,"column":30}},"58":{"start":{"line":269,"column":4},"end":{"line":269,"column":38}}},"branchMap":{"1":{"line":83,"type":"if","locations":[{"start":{"line":83,"column":4},"end":{"line":83,"column":4}},{"start":{"line":83,"column":4},"end":{"line":83,"column":4}}]},"2":{"line":109,"type":"if","locations":[{"start":{"line":109,"column":4},"end":{"line":109,"column":4}},{"start":{"line":109,"column":4},"end":{"line":109,"column":4}}]},"3":{"line":123,"type":"if","locations":[{"start":{"line":123,"column":4},"end":{"line":123,"column":4}},{"start":{"line":123,"column":4},"end":{"line":123,"column":4}}]},"4":{"line":124,"type":"if","locations":[{"start":{"line":124,"column":4},"end":{"line":124,"column":4}},{"start":{"line":124,"column":4},"end":{"line":124,"column":4}}]},"5":{"line":125,"type":"if","locations":[{"start":{"line":125,"column":4},"end":{"line":125,"column":4}},{"start":{"line":125,"column":4},"end":{"line":125,"column":4}}]},"6":{"line":126,"type":"if","locations":[{"start":{"line":126,"column":4},"end":{"line":126,"column":4}},{"start":{"line":126,"column":4},"end":{"line":126,"column":4}}]},"7":{"line":135,"type":"if","locations":[{"start":{"line":135,"column":4},"end":{"line":135,"column":4}},{"start":{"line":135,"column":4},"end":{"line":135,"column":4}}]},"8":{"line":137,"type":"if","locations":[{"start":{"line":137,"column":4},"end":{"line":137,"column":4}},{"start":{"line":137,"column":4},"end":{"line":137,"column":4}}]},"9":{"line":141,"type":"if","locations":[{"start":{"line":141,"column":4},"end":{"line":141,"column":4}},{"start":{"line":141,"column":4},"end":{"line":141,"column":4}}]},"10":{"line":142,"type":"if","locations":[{"start":{"line":142,"column":4},"end":{"line":142,"column":4}},{"start":{"line":142,"column":4},"end":{"line":142,"column":4}}]},"11":{"line":142,"type":"cond-expr","locations":[{"start":{"line":142,"column":12},"end":{"line":142,"column":27}},{"start":{"line":142,"column":32},"end":{"line":142,"column":60}}]},"12":{"line":150,"type":"if","locations":[{"start":{"line":150,"column":4},"end":{"line":150,"column":4}},{"start":{"line":150,"column":4},"end":{"line":150,"column":4}}]},"13":{"line":152,"type":"if","locations":[{"start":{"line":152,"column":4},"end":{"line":152,"column":4}},{"start":{"line":152,"column":4},"end":{"line":152,"column":4}}]},"14":{"line":156,"type":"if","locations":[{"start":{"line":156,"column":4},"end":{"line":156,"column":4}},{"start":{"line":156,"column":4},"end":{"line":156,"column":4}}]},"15":{"line":157,"type":"if","locations":[{"start":{"line":157,"column":4},"end":{"line":157,"column":4}},{"start":{"line":157,"column":4},"end":{"line":157,"column":4}}]},"16":{"line":182,"type":"if","locations":[{"start":{"line":182,"column":8},"end":{"line":182,"column":8}},{"start":{"line":182,"column":8},"end":{"line":182,"column":8}}]},"17":{"line":195,"type":"if","locations":[{"start":{"line":195,"column":8},"end":{"line":195,"column":8}},{"start":{"line":195,"column":8},"end":{"line":195,"column":8}}]},"18":{"line":240,"type":"if","locations":[{"start":{"line":240,"column":6},"end":{"line":240,"column":6}},{"start":{"line":240,"column":6},"end":{"line":240,"column":6}}]},"19":{"line":260,"type":"if","locations":[{"start":{"line":260,"column":6},"end":{"line":260,"column":6}},{"start":{"line":260,"column":6},"end":{"line":260,"column":6}}]}}}}
