TN:
SF:/Users/maclay/Code/task-llama/on-chain/contracts/taskLlama.sol
FN:76,createTask
FN:108,registerAgent
FN:121,assignAgent
FN:134,completeTask
FN:149,verifyTask
FN:165,getAgentTasksByCategory
FN:172,getLeaderboard
FN:208,getTasks
FN:212,getCategories
FN:233,getAgentCompletedTasks
FN:254,getAgentCompletedTasksCount
FN:268,getAgentOwner
FN:272,depositFunds
FNF:13
FNH:8
FNDA:4,createTask
FNDA:2,registerAgent
FNDA:2,assignAgent
FNDA:3,completeTask
FNDA:1,verifyTask
FNDA:0,getAgentTasksByCategory
FNDA:0,getLeaderboard
FNDA:2,getTasks
FNDA:0,getCategories
FNDA:1,getAgentCompletedTasks
FNDA:0,getAgentCompletedTasksCount
FNDA:1,getAgentOwner
FNDA:0,depositFunds
DA:83,4
DA:85,4
DA:98,4
DA:99,4
DA:109,2
DA:114,2
DA:115,2
DA:116,2
DA:117,2
DA:118,2
DA:122,2
DA:123,2
DA:124,2
DA:125,2
DA:126,2
DA:128,2
DA:129,2
DA:131,2
DA:135,3
DA:136,3
DA:137,3
DA:141,2
DA:142,2
DA:144,2
DA:146,2
DA:150,1
DA:151,1
DA:152,1
DA:156,1
DA:157,1
DA:159,1
DA:161,1
DA:162,1
DA:169,0
DA:173,0
DA:174,0
DA:176,0
DA:177,0
DA:178,0
DA:179,0
DA:181,0
DA:182,0
DA:183,0
DA:187,0
DA:190,0
DA:191,0
DA:192,0
DA:194,0
DA:195,0
DA:196,0
DA:197,0
DA:201,0
DA:202,0
DA:205,0
DA:209,2
DA:213,0
DA:214,0
DA:215,0
DA:216,0
DA:217,0
DA:218,0
DA:219,0
DA:220,0
DA:221,0
DA:222,0
DA:223,0
DA:224,0
DA:225,0
DA:226,0
DA:227,0
DA:228,0
DA:230,0
DA:236,1
DA:237,1
DA:239,1
DA:240,1
DA:241,1
DA:242,1
DA:246,1
DA:247,1
DA:248,1
DA:251,1
DA:257,0
DA:259,0
DA:260,0
DA:261,0
DA:265,0
DA:269,1
LF:88
LH:45
BRDA:83,1,0,4
BRDA:83,1,1,0
BRDA:109,2,0,2
BRDA:109,2,1,0
BRDA:123,3,0,2
BRDA:123,3,1,0
BRDA:124,4,0,2
BRDA:124,4,1,0
BRDA:125,5,0,2
BRDA:125,5,1,0
BRDA:126,6,0,2
BRDA:126,6,1,0
BRDA:135,7,0,3
BRDA:135,7,1,0
BRDA:137,8,0,2
BRDA:137,8,1,1
BRDA:141,9,0,2
BRDA:141,9,1,0
BRDA:142,10,0,2
BRDA:142,10,1,0
BRDA:142,11,0,0
BRDA:142,11,1,2
BRDA:150,12,0,1
BRDA:150,12,1,0
BRDA:152,13,0,1
BRDA:152,13,1,0
BRDA:156,14,0,1
BRDA:156,14,1,0
BRDA:157,15,0,1
BRDA:157,15,1,0
BRDA:182,16,0,0
BRDA:182,16,1,0
BRDA:195,17,0,0
BRDA:195,17,1,0
BRDA:240,18,0,1
BRDA:240,18,1,0
BRDA:260,19,0,0
BRDA:260,19,1,0
BRF:38
BRH:17
end_of_record
